   0     0.544332    88.992     0.149036    98.950    98.950
   1     0.216439    96.542     0.124257    98.450    98.950
   2     0.148213    97.290     0.085638    98.950    98.950
   3     0.116952    97.635     0.047078    99.310    99.310
   4     0.095185    97.887     0.079553    99.100    99.310
   5     0.087513    97.960     0.042919    99.140    99.310
   6     0.076194    98.160     0.088084    98.180    99.310
   7     0.068250    98.283     0.036631    99.380    99.380
   8     0.063380    98.342     0.043566    99.080    99.380
   9     0.058141    98.500     0.029688    99.410    99.410
  10     0.056624    98.523     0.044090    99.270    99.410
  11     0.051162    98.573     0.037121    99.200    99.410
  12     0.050587    98.548     0.060467    98.570    99.410
  13     0.046273    98.668     0.020500    99.490    99.490
  14     0.045418    98.705     0.024738    99.390    99.490
  15     0.044884    98.762     0.025703    99.320    99.490
  16     0.041932    98.800     0.034374    99.070    99.490
  17     0.038523    98.910     0.018713    99.520    99.520
  18     0.038371    98.923     0.080404    97.810    99.520
  19     0.035926    98.945     0.022947    99.420    99.520
  20     0.034803    98.997     0.049001    98.830    99.520
  21     0.034911    98.990     0.017445    99.470    99.520
  22     0.031046    99.068     0.042855    99.040    99.520
  23     0.031504    99.093     0.015090    99.570    99.570
  24     0.031111    99.042     0.013349    99.680    99.680
  25     0.030286    99.123     0.017238    99.590    99.680
  26     0.028034    99.177     0.013945    99.620    99.680
  27     0.027639    99.222     0.012114    99.600    99.680
  28     0.026486    99.210     0.014579    99.600    99.680
  29     0.026037    99.257     0.019095    99.420    99.680
  30     0.025708    99.248     0.012925    99.630    99.680
  31     0.025930    99.272     0.013520    99.630    99.680
  32     0.022643    99.323     0.013274    99.630    99.680
  33     0.022955    99.312     0.011159    99.710    99.710
  34     0.023808    99.283     0.015227    99.560    99.710
  35     0.022563    99.363     0.013658    99.610    99.710
  36     0.022472    99.295     0.010815    99.720    99.720
  37     0.019602    99.398     0.011598    99.630    99.720
  38     0.020876    99.382     0.012964    99.640    99.720
  39     0.019030    99.403     0.014011    99.510    99.720
  40     0.019395    99.443     0.016897    99.470    99.720
  41     0.018953    99.438     0.013135    99.630    99.720
  42     0.019078    99.430     0.011460    99.670    99.720
  43     0.017589    99.488     0.013881    99.610    99.720
  44     0.017557    99.480     0.014049    99.520    99.720
  45     0.016930    99.488     0.010763    99.680    99.720
  46     0.016824    99.473     0.009971    99.710    99.720
  47     0.016123    99.510     0.009774    99.700    99.720
  48     0.015331    99.543     0.011047    99.650    99.720
  49     0.014467    99.553     0.011797    99.680    99.720
  50     0.014947    99.580     0.010591    99.660    99.720
  51     0.016163    99.540     0.008598    99.680    99.720
  52     0.014706    99.560     0.012619    99.600    99.720
  53     0.014749    99.507     0.010869    99.630    99.720
  54     0.014087    99.588     0.011627    99.590    99.720
  55     0.014223    99.587     0.012209    99.620    99.720
  56     0.012760    99.617     0.010324    99.670    99.720
  57     0.012776    99.623     0.009556    99.710    99.720
  58     0.013376    99.628     0.010049    99.670    99.720
  59     0.012651    99.615     0.009243    99.710    99.720
  60     0.012928    99.640     0.011435    99.680    99.720
  61     0.011609    99.628     0.011389    99.690    99.720
  62     0.012018    99.650     0.011996    99.640    99.720
  63     0.010828    99.697     0.012540    99.610    99.720
  64     0.011359    99.642     0.011512    99.650    99.720
  65     0.011478    99.672     0.010300    99.730    99.730
  66     0.012240    99.608     0.009507    99.730    99.730
  67     0.011257    99.675     0.011566    99.660    99.730
  68     0.011849    99.673     0.009002    99.730    99.730
  69     0.010015    99.708     0.008097    99.740    99.740
  70     0.010501    99.693     0.010016    99.700    99.740
  71     0.009337    99.743     0.009531    99.760    99.760
  72     0.010553    99.688     0.010286    99.690    99.760
  73     0.009909    99.703     0.009546    99.740    99.760
  74     0.009675    99.712     0.009898    99.710    99.760
  75     0.010718    99.683     0.009067    99.700    99.760
  76     0.010324    99.690     0.009707    99.690    99.760
  77     0.009482    99.725     0.008872    99.730    99.760
  78     0.009892    99.692     0.010636    99.670    99.760
  79     0.008588    99.742     0.009057    99.740    99.760
  80     0.009170    99.747     0.008498    99.760    99.760
  81     0.009231    99.718     0.009532    99.680    99.760
  82     0.008349    99.748     0.008536    99.720    99.760
  83     0.008219    99.742     0.011017    99.640    99.760
  84     0.008182    99.765     0.009020    99.750    99.760
  85     0.008482    99.733     0.008371    99.750    99.760
  86     0.008345    99.760     0.008938    99.730    99.760
  87     0.008132    99.752     0.009524    99.700    99.760
  88     0.007581    99.775     0.009335    99.750    99.760
  89     0.007717    99.772     0.007861    99.750    99.760
  90     0.008008    99.773     0.010081    99.680    99.760
  91     0.008645    99.748     0.010074    99.710    99.760
  92     0.007797    99.763     0.008875    99.760    99.760
  93     0.007522    99.778     0.009089    99.740    99.760
  94     0.006951    99.822     0.009413    99.720    99.760
  95     0.007704    99.762     0.012849    99.640    99.760
  96     0.006947    99.812     0.008784    99.750    99.760
  97     0.007525    99.767     0.009331    99.730    99.760
  98     0.007067    99.818     0.009405    99.720    99.760
  99     0.006790    99.795     0.008689    99.690    99.760
 100     0.006836    99.782     0.008646    99.700    99.760
 101     0.005915    99.828     0.009892    99.690    99.760
 102     0.006996    99.802     0.010217    99.700    99.760
 103     0.006163    99.828     0.010062    99.710    99.760
 104     0.005821    99.845     0.009718    99.750    99.760
 105     0.006311    99.822     0.009838    99.720    99.760
 106     0.006182    99.823     0.009435    99.750    99.760
 107     0.005646    99.828     0.010116    99.730    99.760
 108     0.006816    99.800     0.009305    99.780    99.780
 109     0.005954    99.823     0.009725    99.710    99.780
 110     0.005649    99.827     0.008899    99.760    99.780
 111     0.005565    99.832     0.008847    99.720    99.780
 112     0.005860    99.828     0.009943    99.710    99.780
 113     0.005846    99.818     0.009314    99.710    99.780
 114     0.005653    99.833     0.010191    99.720    99.780
 115     0.005591    99.838     0.009896    99.730    99.780
 116     0.005478    99.823     0.009188    99.760    99.780
 117     0.005760    99.833     0.009001    99.740    99.780
 118     0.005364    99.838     0.010864    99.680    99.780
 119     0.005486    99.853     0.009154    99.710    99.780
 120     0.005400    99.835     0.009185    99.730    99.780
 121     0.005301    99.855     0.010153    99.690    99.780
 122     0.005192    99.857     0.010668    99.670    99.780
 123     0.005229    99.842     0.009630    99.700    99.780
 124     0.005974    99.842     0.009778    99.690    99.780
 125     0.004819    99.857     0.008970    99.730    99.780
 126     0.005174    99.855     0.009388    99.750    99.780
 127     0.005025    99.843     0.010522    99.680    99.780
 128     0.005161    99.840     0.010932    99.660    99.780
 129     0.004550    99.867     0.010940    99.690    99.780
 130     0.004469    99.870     0.010813    99.710    99.780
 131     0.004297    99.872     0.009868    99.730    99.780
 132     0.004863    99.860     0.010171    99.690    99.780
 133     0.004997    99.843     0.011937    99.630    99.780
 134     0.004794    99.863     0.010136    99.690    99.780
 135     0.004466    99.877     0.010588    99.710    99.780
 136     0.004357    99.868     0.010726    99.700    99.780
 137     0.005346    99.855     0.010045    99.710    99.780
 138     0.004497    99.862     0.009741    99.730    99.780
 139     0.004669    99.845     0.010304    99.710    99.780
 140     0.004146    99.883     0.010613    99.680    99.780
 141     0.004677    99.877     0.009013    99.750    99.780
 142     0.004222    99.870     0.010055    99.690    99.780
 143     0.004502    99.867     0.010376    99.700    99.780
 144     0.004347    99.882     0.011429    99.690    99.780
 145     0.004294    99.887     0.010596    99.730    99.780
 146     0.004165    99.878     0.010166    99.670    99.780
 147     0.003720    99.883     0.010550    99.740    99.780
 148     0.004001    99.883     0.010052    99.720    99.780
 149     0.004194    99.885     0.009774    99.730    99.780
