   0     0.556058    88.658     0.190991    98.300    98.300
   1     0.216303    96.587     0.098357    98.940    98.940
   2     0.146716    97.377     0.098032    98.890    98.940
   3     0.115290    97.652     0.102853    98.480    98.940
   4     0.094301    97.967     0.041741    99.390    99.390
   5     0.083177    98.090     0.109167    97.800    99.390
   6     0.075193    98.192     0.048995    99.180    99.390
   7     0.069076    98.270     0.087274    97.990    99.390
   8     0.064438    98.343     0.049457    99.090    99.390
   9     0.056960    98.542     0.032673    99.480    99.480
  10     0.053622    98.552     0.077274    98.470    99.480
  11     0.051900    98.588     0.031638    99.400    99.480
  12     0.048781    98.665     0.080633    98.080    99.480
  13     0.047961    98.630     0.023896    99.450    99.480
  14     0.043313    98.792     0.017530    99.510    99.510
  15     0.043008    98.803     0.026915    99.270    99.510
  16     0.040300    98.825     0.020889    99.480    99.510
  17     0.040783    98.843     0.019955    99.440    99.510
  18     0.038452    98.887     0.031338    99.170    99.510
  19     0.035466    98.990     0.021409    99.370    99.510
  20     0.035092    98.985     0.023615    99.460    99.510
  21     0.033605    99.018     0.017431    99.490    99.510
  22     0.032101    99.075     0.015449    99.620    99.620
  23     0.031108    99.070     0.018931    99.460    99.620
  24     0.031277    99.062     0.017978    99.490    99.620
  25     0.030160    99.137     0.014914    99.580    99.620
  26     0.027075    99.230     0.013374    99.580    99.620
  27     0.026984    99.220     0.014362    99.550    99.620
  28     0.027377    99.195     0.016345    99.530    99.620
  29     0.026092    99.242     0.014007    99.560    99.620
  30     0.024728    99.267     0.015631    99.600    99.620
  31     0.023255    99.313     0.017894    99.500    99.620
  32     0.024920    99.235     0.011009    99.630    99.630
  33     0.023764    99.325     0.019526    99.430    99.630
  34     0.022055    99.353     0.016283    99.510    99.630
  35     0.022396    99.358     0.017239    99.440    99.630
  36     0.019812    99.420     0.019010    99.370    99.630
  37     0.021080    99.370     0.016298    99.510    99.630
  38     0.020500    99.393     0.011711    99.590    99.630
  39     0.020261    99.377     0.012009    99.680    99.680
  40     0.017957    99.463     0.011635    99.650    99.680
  41     0.019534    99.420     0.012126    99.700    99.700
  42     0.017899    99.503     0.010794    99.700    99.700
  43     0.018976    99.448     0.016586    99.460    99.700
  44     0.017613    99.448     0.011752    99.610    99.700
  45     0.016728    99.503     0.011777    99.700    99.700
  46     0.016479    99.520     0.010925    99.670    99.700
  47     0.016297    99.505     0.013311    99.560    99.700
  48     0.016046    99.505     0.012022    99.600    99.700
  49     0.014509    99.545     0.012575    99.590    99.700
  50     0.014642    99.550     0.010561    99.630    99.700
  51     0.015048    99.573     0.011146    99.680    99.700
  52     0.014803    99.568     0.013558    99.540    99.700
  53     0.014874    99.552     0.012904    99.570    99.700
  54     0.014675    99.543     0.011130    99.710    99.710
  55     0.013856    99.608     0.013760    99.560    99.710
  56     0.013695    99.588     0.010915    99.690    99.710
  57     0.013471    99.585     0.011469    99.650    99.710
  58     0.012718    99.623     0.013150    99.630    99.710
  59     0.012094    99.653     0.011650    99.630    99.710
  60     0.012123    99.650     0.012439    99.580    99.710
  61     0.012193    99.643     0.013957    99.570    99.710
  62     0.011402    99.657     0.012198    99.640    99.710
  63     0.011423    99.663     0.010396    99.690    99.710
  64     0.011423    99.643     0.011001    99.690    99.710
  65     0.010889    99.693     0.010343    99.630    99.710
  66     0.011306    99.645     0.011065    99.690    99.710
  67     0.012063    99.662     0.009834    99.720    99.720
  68     0.010725    99.690     0.009911    99.720    99.720
  69     0.011234    99.673     0.009909    99.720    99.720
  70     0.010803    99.670     0.011298    99.680    99.720
  71     0.009438    99.740     0.010305    99.720    99.720
  72     0.009838    99.693     0.011180    99.690    99.720
  73     0.010364    99.703     0.011426    99.680    99.720
  74     0.010054    99.692     0.010368    99.670    99.720
  75     0.010580    99.693     0.010353    99.740    99.740
  76     0.008618    99.738     0.010271    99.730    99.740
  77     0.009092    99.735     0.011984    99.700    99.740
  78     0.009522    99.710     0.010608    99.650    99.740
  79     0.008465    99.728     0.010314    99.680    99.740
  80     0.008967    99.733     0.010241    99.690    99.740
  81     0.008222    99.768     0.011120    99.660    99.740
  82     0.009921    99.715     0.011546    99.640    99.740
  83     0.007946    99.757     0.009522    99.730    99.740
  84     0.007895    99.770     0.010873    99.700    99.740
  85     0.007869    99.757     0.009994    99.750    99.750
  86     0.008304    99.757     0.010658    99.670    99.750
  87     0.008211    99.737     0.010203    99.710    99.750
  88     0.007661    99.772     0.009930    99.710    99.750
  89     0.007020    99.805     0.009903    99.740    99.750
  90     0.006962    99.785     0.010347    99.710    99.750
  91     0.007218    99.793     0.010659    99.720    99.750
  92     0.007674    99.778     0.010397    99.700    99.750
  93     0.007144    99.790     0.010931    99.680    99.750
  94     0.008041    99.767     0.010673    99.670    99.750
  95     0.007220    99.785     0.010491    99.760    99.760
  96     0.006044    99.825     0.011541    99.640    99.760
  97     0.006877    99.802     0.010717    99.740    99.760
  98     0.005982    99.830     0.010502    99.700    99.760
  99     0.006353    99.823     0.011089    99.690    99.760
 100     0.006543    99.820     0.011642    99.710    99.760
 101     0.006556    99.805     0.011714    99.680    99.760
 102     0.005436    99.848     0.011028    99.700    99.760
 103     0.005509    99.838     0.011789    99.670    99.760
 104     0.006470    99.798     0.012017    99.730    99.760
 105     0.005151    99.865     0.011362    99.700    99.760
 106     0.005630    99.833     0.010689    99.700    99.760
 107     0.006552    99.798     0.010632    99.670    99.760
 108     0.005225    99.845     0.010841    99.690    99.760
 109     0.005407    99.833     0.011760    99.690    99.760
 110     0.006291    99.802     0.009912    99.760    99.760
 111     0.005728    99.828     0.011890    99.620    99.760
 112     0.005302    99.847     0.011247    99.700    99.760
 113     0.005071    99.842     0.010453    99.710    99.760
 114     0.005894    99.820     0.009738    99.710    99.760
 115     0.005202    99.852     0.009372    99.770    99.770
 116     0.005131    99.853     0.010025    99.730    99.770
 117     0.005095    99.848     0.010079    99.710    99.770
 118     0.005479    99.847     0.011229    99.680    99.770
 119     0.005611    99.845     0.009878    99.690    99.770
 120     0.005163    99.842     0.010424    99.720    99.770
 121     0.004567    99.877     0.011102    99.690    99.770
 122     0.005197    99.847     0.010080    99.750    99.770
 123     0.004416    99.870     0.010830    99.700    99.770
 124     0.005460    99.852     0.010140    99.750    99.770
 125     0.004797    99.865     0.010515    99.760    99.770
 126     0.004685    99.858     0.009995    99.740    99.770
 127     0.004700    99.862     0.009886    99.750    99.770
 128     0.004509    99.885     0.010096    99.750    99.770
 129     0.004772    99.850     0.011057    99.720    99.770
 130     0.005143    99.855     0.011645    99.750    99.770
 131     0.004629    99.868     0.010730    99.750    99.770
 132     0.004844    99.865     0.012230    99.700    99.770
 133     0.004478    99.868     0.010731    99.740    99.770
 134     0.004777    99.848     0.011322    99.680    99.770
 135     0.004348    99.872     0.011788    99.660    99.770
 136     0.004698    99.858     0.010721    99.740    99.770
 137     0.004224    99.888     0.011148    99.770    99.770
 138     0.004379    99.865     0.011235    99.720    99.770
 139     0.003834    99.888     0.011594    99.680    99.770
 140     0.004073    99.875     0.010884    99.720    99.770
 141     0.004460    99.882     0.011257    99.720    99.770
 142     0.003839    99.902     0.011325    99.730    99.770
 143     0.004286    99.885     0.010359    99.760    99.770
 144     0.003752    99.903     0.012319    99.700    99.770
 145     0.004062    99.888     0.010867    99.710    99.770
 146     0.004241    99.882     0.010790    99.710    99.770
 147     0.004159    99.875     0.010880    99.720    99.770
 148     0.003631    99.900     0.010744    99.750    99.770
 149     0.004007    99.883     0.010821    99.740    99.770
