   0     0.550303    88.793     0.143967    98.750    98.750
   1     0.214011    96.558     0.133853    98.680    98.750
   2     0.148267    97.250     0.104112    98.570    98.750
   3     0.117764    97.575     0.055119    99.240    99.240
   4     0.095704    97.877     0.078691    98.640    99.240
   5     0.084317    98.008     0.064428    98.760    99.240
   6     0.074605    98.177     0.039717    99.280    99.280
   7     0.069003    98.285     0.064402    98.410    99.280
   8     0.062793    98.370     0.053898    98.660    99.280
   9     0.060670    98.442     0.156687    95.150    99.280
  10     0.056579    98.525     0.032349    99.280    99.280
  11     0.051590    98.613     0.033493    99.210    99.280
  12     0.050990    98.603     0.031582    99.190    99.280
  13     0.047577    98.677     0.025805    99.390    99.390
  14     0.044545    98.802     0.022167    99.450    99.450
  15     0.045210    98.728     0.027999    99.240    99.450
  16     0.042521    98.823     0.065939    98.390    99.450
  17     0.040615    98.797     0.023244    99.370    99.450
  18     0.035869    98.993     0.022627    99.430    99.450
  19     0.038335    98.930     0.022652    99.460    99.460
  20     0.036691    98.945     0.017247    99.520    99.520
  21     0.033885    98.985     0.026299    99.250    99.520
  22     0.032905    99.053     0.019147    99.450    99.520
  23     0.031860    99.078     0.014201    99.590    99.590
  24     0.030315    99.123     0.019417    99.530    99.590
  25     0.030182    99.127     0.051339    98.460    99.590
  26     0.028405    99.180     0.015835    99.590    99.590
  27     0.028617    99.158     0.014046    99.560    99.590
  28     0.027109    99.257     0.022234    99.300    99.590
  29     0.027437    99.237     0.016116    99.560    99.590
  30     0.024923    99.253     0.013041    99.610    99.610
  31     0.024940    99.283     0.014022    99.590    99.610
  32     0.025688    99.235     0.015346    99.600    99.610
  33     0.023239    99.325     0.012526    99.620    99.620
  34     0.021964    99.337     0.013958    99.670    99.670
  35     0.022333    99.317     0.011099    99.710    99.710
  36     0.021378    99.378     0.012337    99.680    99.710
  37     0.019212    99.453     0.011427    99.620    99.710
  38     0.020764    99.392     0.012178    99.630    99.710
  39     0.018052    99.472     0.012038    99.670    99.710
  40     0.019242    99.428     0.011146    99.670    99.710
  41     0.017845    99.500     0.012135    99.680    99.710
  42     0.018411    99.447     0.012634    99.590    99.710
  43     0.017809    99.465     0.011998    99.640    99.710
  44     0.019067    99.438     0.011844    99.660    99.710
  45     0.017208    99.490     0.015331    99.570    99.710
  46     0.017777    99.472     0.009819    99.720    99.720
  47     0.016292    99.527     0.010636    99.660    99.720
  48     0.016559    99.515     0.012212    99.630    99.720
  49     0.015591    99.523     0.010539    99.750    99.750
  50     0.015065    99.558     0.012211    99.660    99.750
  51     0.014600    99.562     0.011497    99.670    99.750
  52     0.015176    99.565     0.010981    99.670    99.750
  53     0.015702    99.537     0.013274    99.660    99.750
  54     0.014279    99.585     0.012648    99.620    99.750
  55     0.014550    99.555     0.009819    99.730    99.750
  56     0.012994    99.622     0.011652    99.650    99.750
  57     0.013941    99.590     0.013001    99.620    99.750
  58     0.012900    99.643     0.012641    99.610    99.750
  59     0.013819    99.567     0.010627    99.660    99.750
  60     0.013192    99.588     0.012444    99.670    99.750
  61     0.011372    99.662     0.010389    99.690    99.750
  62     0.011898    99.650     0.010308    99.740    99.750
  63     0.012047    99.632     0.012143    99.680    99.750
  64     0.012423    99.642     0.010155    99.760    99.760
  65     0.010254    99.708     0.010781    99.690    99.760
  66     0.011518    99.665     0.012053    99.720    99.760
  67     0.011414    99.648     0.012650    99.630    99.760
  68     0.010565    99.703     0.011126    99.710    99.760
  69     0.010567    99.715     0.011114    99.600    99.760
  70     0.009453    99.727     0.011411    99.620    99.760
  71     0.011017    99.688     0.010486    99.740    99.760
  72     0.010012    99.693     0.010634    99.730    99.760
  73     0.011121    99.650     0.011081    99.690    99.760
  74     0.009065    99.743     0.011352    99.670    99.760
  75     0.009191    99.745     0.012569    99.670    99.760
  76     0.009674    99.710     0.010585    99.690    99.760
  77     0.009493    99.732     0.010855    99.680    99.760
  78     0.009027    99.740     0.010527    99.710    99.760
  79     0.007996    99.775     0.012255    99.680    99.760
  80     0.008798    99.713     0.011085    99.700    99.760
  81     0.008308    99.745     0.010466    99.660    99.760
  82     0.008269    99.757     0.010668    99.710    99.760
  83     0.007981    99.773     0.011377    99.680    99.760
  84     0.008032    99.753     0.010524    99.670    99.760
  85     0.007763    99.767     0.010808    99.700    99.760
  86     0.007934    99.762     0.011365    99.690    99.760
  87     0.008986    99.715     0.010322    99.680    99.760
  88     0.008143    99.762     0.012006    99.680    99.760
  89     0.007623    99.765     0.011804    99.700    99.760
  90     0.007445    99.788     0.012436    99.700    99.760
  91     0.006811    99.802     0.011908    99.700    99.760
  92     0.007034    99.812     0.011486    99.660    99.760
  93     0.007210    99.788     0.010492    99.730    99.760
  94     0.007491    99.783     0.012086    99.690    99.760
  95     0.006919    99.787     0.011707    99.720    99.760
  96     0.007005    99.790     0.011284    99.690    99.760
  97     0.006529    99.822     0.010869    99.680    99.760
  98     0.006604    99.817     0.010813    99.720    99.760
  99     0.006490    99.803     0.009848    99.730    99.760
 100     0.006531    99.798     0.010719    99.700    99.760
 101     0.006702    99.813     0.010702    99.720    99.760
 102     0.006193    99.825     0.011258    99.690    99.760
 103     0.006204    99.840     0.012410    99.680    99.760
 104     0.006301    99.807     0.011433    99.720    99.760
 105     0.006371    99.812     0.010705    99.700    99.760
 106     0.005770    99.822     0.011358    99.700    99.760
 107     0.006024    99.840     0.011666    99.700    99.760
 108     0.005887    99.822     0.013877    99.600    99.760
 109     0.005846    99.818     0.010481    99.690    99.760
 110     0.005161    99.843     0.011268    99.710    99.760
 111     0.005525    99.833     0.010330    99.680    99.760
 112     0.005472    99.865     0.011267    99.710    99.760
 113     0.005595    99.820     0.011594    99.700    99.760
 114     0.005303    99.848     0.012634    99.640    99.760
 115     0.005284    99.853     0.011636    99.660    99.760
 116     0.005196    99.858     0.011336    99.630    99.760
 117     0.005212    99.848     0.011002    99.630    99.760
 118     0.004937    99.865     0.012112    99.660    99.760
 119     0.005537    99.830     0.012000    99.670    99.760
 120     0.005279    99.850     0.011976    99.660    99.760
 121     0.005091    99.848     0.011907    99.680    99.760
 122     0.005804    99.823     0.012712    99.630    99.760
 123     0.004944    99.860     0.012033    99.630    99.760
 124     0.004668    99.858     0.013166    99.640    99.760
 125     0.004717    99.845     0.011960    99.650    99.760
 126     0.004606    99.862     0.012004    99.690    99.760
 127     0.004803    99.867     0.012142    99.640    99.760
 128     0.004425    99.878     0.011969    99.680    99.760
 129     0.004645    99.855     0.012051    99.660    99.760
 130     0.004630    99.848     0.012488    99.620    99.760
 131     0.005246    99.848     0.011713    99.650    99.760
 132     0.004426    99.865     0.012069    99.670    99.760
 133     0.004475    99.872     0.012258    99.680    99.760
 134     0.005049    99.853     0.012720    99.660    99.760
 135     0.004764    99.863     0.012292    99.690    99.760
 136     0.004329    99.868     0.012377    99.670    99.760
 137     0.004429    99.865     0.012977    99.690    99.760
 138     0.004023    99.898     0.013403    99.670    99.760
 139     0.004314    99.880     0.012658    99.660    99.760
 140     0.004517    99.880     0.012541    99.640    99.760
 141     0.004462    99.867     0.012599    99.670    99.760
 142     0.004552    99.860     0.013089    99.650    99.760
 143     0.004469    99.872     0.012453    99.690    99.760
 144     0.003937    99.870     0.013106    99.650    99.760
 145     0.004170    99.885     0.012772    99.680    99.760
 146     0.004195    99.895     0.011928    99.690    99.760
 147     0.004002    99.897     0.011687    99.700    99.760
 148     0.004123    99.885     0.012062    99.680    99.760
 149     0.003999    99.887     0.011080    99.670    99.760
