   0     0.540130    89.187     0.144878    99.070    99.070
   1     0.213122    96.702     0.098293    99.100    99.100
   2     0.146877    97.293     0.138133    97.580    99.100
   3     0.115285    97.675     0.071780    98.760    99.100
   4     0.096023    97.882     0.049228    99.230    99.230
   5     0.085019    97.955     0.068853    98.330    99.230
   6     0.075025    98.185     0.045154    99.280    99.280
   7     0.068126    98.310     0.040719    99.370    99.370
   8     0.061847    98.397     0.098788    97.880    99.370
   9     0.059518    98.438     0.031761    99.320    99.370
  10     0.053586    98.587     0.054802    98.810    99.370
  11     0.052084    98.603     0.030763    99.280    99.370
  12     0.050646    98.662     0.059574    98.680    99.370
  13     0.045514    98.757     0.028605    99.350    99.370
  14     0.044316    98.732     0.023525    99.480    99.480
  15     0.042517    98.790     0.056774    98.440    99.480
  16     0.040318    98.868     0.018726    99.570    99.570
  17     0.039549    98.868     0.022359    99.480    99.570
  18     0.036662    98.973     0.027179    99.260    99.570
  19     0.036534    98.970     0.028776    99.330    99.570
  20     0.033567    99.020     0.013222    99.640    99.640
  21     0.033953    99.002     0.022327    99.340    99.640
  22     0.033417    99.012     0.021687    99.380    99.640
  23     0.031736    99.057     0.014353    99.620    99.640
  24     0.029500    99.193     0.011901    99.620    99.640
  25     0.028807    99.178     0.012902    99.600    99.640
  26     0.026548    99.218     0.015476    99.520    99.640
  27     0.027624    99.198     0.022366    99.440    99.640
  28     0.026433    99.198     0.013695    99.600    99.640
  29     0.025043    99.232     0.024643    99.190    99.640
  30     0.026137    99.252     0.016088    99.460    99.640
  31     0.024331    99.287     0.011999    99.640    99.640
  32     0.022689    99.347     0.013995    99.610    99.640
  33     0.023550    99.282     0.016305    99.580    99.640
  34     0.021745    99.355     0.013117    99.650    99.650
  35     0.021523    99.340     0.010842    99.640    99.650
  36     0.020752    99.367     0.013401    99.610    99.650
  37     0.020460    99.395     0.011038    99.680    99.680
  38     0.020198    99.435     0.012458    99.650    99.680
  39     0.019240    99.415     0.011557    99.650    99.680
  40     0.020380    99.432     0.012089    99.700    99.700
  41     0.019756    99.430     0.013890    99.600    99.700
  42     0.017775    99.488     0.011407    99.700    99.700
  43     0.016776    99.555     0.010374    99.690    99.700
  44     0.017754    99.498     0.013565    99.560    99.700
  45     0.016829    99.488     0.013767    99.550    99.700
  46     0.018020    99.502     0.011006    99.710    99.710
  47     0.016302    99.520     0.012224    99.630    99.710
  48     0.015870    99.525     0.010313    99.680    99.710
  49     0.014581    99.555     0.013390    99.620    99.710
  50     0.015787    99.560     0.012888    99.640    99.710
  51     0.015279    99.538     0.011732    99.740    99.740
  52     0.015867    99.522     0.014100    99.540    99.740
  53     0.015212    99.562     0.017063    99.610    99.740
  54     0.014607    99.595     0.014406    99.590    99.740
  55     0.013592    99.602     0.012405    99.570    99.740
  56     0.012612    99.638     0.011368    99.610    99.740
  57     0.013724    99.597     0.013540    99.570    99.740
  58     0.012726    99.637     0.010948    99.660    99.740
  59     0.012115    99.660     0.011120    99.680    99.740
  60     0.012206    99.648     0.010828    99.660    99.740
  61     0.013058    99.590     0.010917    99.630    99.740
  62     0.012931    99.623     0.012296    99.640    99.740
  63     0.011336    99.677     0.011157    99.660    99.740
  64     0.012063    99.642     0.012645    99.580    99.740
  65     0.011528    99.645     0.011542    99.680    99.740
  66     0.011700    99.667     0.013623    99.610    99.740
  67     0.011488    99.665     0.013605    99.600    99.740
  68     0.010225    99.727     0.010192    99.730    99.740
  69     0.010680    99.692     0.011836    99.670    99.740
  70     0.010213    99.683     0.013564    99.630    99.740
  71     0.010458    99.670     0.010263    99.690    99.740
  72     0.009585    99.715     0.011340    99.720    99.740
  73     0.009163    99.723     0.010353    99.670    99.740
  74     0.010621    99.680     0.011975    99.650    99.740
  75     0.009285    99.700     0.012756    99.640    99.740
  76     0.008245    99.763     0.013080    99.640    99.740
  77     0.009773    99.708     0.012463    99.640    99.740
  78     0.008445    99.745     0.012021    99.670    99.740
  79     0.008751    99.765     0.012576    99.660    99.740
  80     0.008866    99.740     0.010556    99.650    99.740
  81     0.008766    99.743     0.010738    99.700    99.740
  82     0.008711    99.733     0.011872    99.660    99.740
  83     0.008032    99.753     0.013482    99.610    99.740
  84     0.007592    99.770     0.011523    99.620    99.740
  85     0.007892    99.762     0.011170    99.670    99.740
  86     0.007672    99.765     0.011469    99.660    99.740
  87     0.007713    99.753     0.012618    99.620    99.740
  88     0.008027    99.763     0.013475    99.650    99.740
  89     0.006686    99.805     0.012039    99.660    99.740
  90     0.007603    99.787     0.010303    99.680    99.740
  91     0.007639    99.777     0.010521    99.690    99.740
  92     0.006896    99.805     0.012281    99.700    99.740
  93     0.007012    99.793     0.010216    99.700    99.740
  94     0.006283    99.802     0.010897    99.680    99.740
  95     0.006872    99.787     0.009882    99.720    99.740
  96     0.006795    99.800     0.010908    99.670    99.740
  97     0.005692    99.840     0.011570    99.680    99.740
  98     0.006304    99.813     0.010828    99.660    99.740
  99     0.006522    99.797     0.011683    99.710    99.740
 100     0.006283    99.805     0.009818    99.670    99.740
 101     0.005737    99.830     0.010784    99.700    99.740
 102     0.005574    99.823     0.010555    99.690    99.740
 103     0.005889    99.827     0.012066    99.650    99.740
 104     0.006336    99.825     0.012058    99.660    99.740
 105     0.006187    99.805     0.011178    99.700    99.740
 106     0.006312    99.803     0.010642    99.650    99.740
 107     0.006284    99.793     0.010626    99.710    99.740
 108     0.005744    99.820     0.011500    99.680    99.740
 109     0.005296    99.848     0.011136    99.710    99.740
 110     0.005080    99.847     0.011407    99.690    99.740
 111     0.004928    99.872     0.011664    99.680    99.740
 112     0.005988    99.830     0.011334    99.660    99.740
 113     0.005263    99.855     0.011954    99.650    99.740
 114     0.005603    99.845     0.011657    99.640    99.740
 115     0.005284    99.838     0.012346    99.620    99.740
 116     0.004797    99.860     0.011713    99.640    99.740
 117     0.005508    99.842     0.011695    99.700    99.740
 118     0.005551    99.830     0.011854    99.670    99.740
 119     0.005208    99.848     0.011233    99.660    99.740
 120     0.005300    99.857     0.010892    99.690    99.740
 121     0.005024    99.858     0.010495    99.670    99.740
 122     0.005038    99.872     0.010207    99.710    99.740
 123     0.004592    99.882     0.010677    99.700    99.740
 124     0.005359    99.825     0.010399    99.700    99.740
 125     0.004229    99.882     0.011216    99.640    99.740
 126     0.004399    99.872     0.011264    99.710    99.740
 127     0.004857    99.875     0.012219    99.670    99.740
 128     0.004228    99.897     0.011445    99.690    99.740
 129     0.004512    99.873     0.011417    99.660    99.740
 130     0.004498    99.852     0.011536    99.690    99.740
 131     0.004417    99.882     0.010974    99.700    99.740
 132     0.005138    99.862     0.012450    99.650    99.740
 133     0.004007    99.882     0.012667    99.680    99.740
 134     0.003868    99.888     0.011764    99.660    99.740
 135     0.004550    99.862     0.011752    99.650    99.740
 136     0.004286    99.870     0.011661    99.680    99.740
 137     0.004557    99.893     0.011462    99.650    99.740
 138     0.004720    99.855     0.011905    99.640    99.740
 139     0.004766    99.868     0.011209    99.700    99.740
 140     0.004328    99.882     0.011721    99.660    99.740
 141     0.003944    99.892     0.011392    99.690    99.740
 142     0.003694    99.890     0.012313    99.660    99.740
 143     0.004253    99.863     0.011717    99.670    99.740
 144     0.003873    99.890     0.011739    99.670    99.740
 145     0.003883    99.890     0.011682    99.680    99.740
 146     0.003743    99.895     0.012099    99.690    99.740
 147     0.003964    99.882     0.011720    99.700    99.740
 148     0.004581    99.885     0.011829    99.720    99.740
 149     0.004030    99.867     0.011798    99.670    99.740
