   0     0.548848    88.853     0.151925    98.390    98.390
   1     0.214429    96.618     0.099112    99.020    99.020
   2     0.147181    97.193     0.075855    99.100    99.100
   3     0.116839    97.568     0.071661    98.980    99.100
   4     0.097511    97.867     0.079472    98.770    99.100
   5     0.082059    98.123     0.071670    98.530    99.100
   6     0.075425    98.182     0.066238    98.690    99.100
   7     0.071688    98.162     0.048953    98.920    99.100
   8     0.062132    98.440     0.053082    98.780    99.100
   9     0.058930    98.455     0.057340    98.820    99.100
  10     0.057090    98.513     0.026528    99.420    99.420
  11     0.053606    98.577     0.044615    99.210    99.420
  12     0.050455    98.653     0.022818    99.560    99.560
  13     0.046905    98.765     0.056636    98.670    99.560
  14     0.044789    98.712     0.024612    99.360    99.560
  15     0.043580    98.798     0.040783    99.220    99.560
  16     0.040892    98.820     0.024082    99.380    99.560
  17     0.037583    98.898     0.015825    99.500    99.560
  18     0.039134    98.892     0.173064    95.090    99.560
  19     0.035809    98.952     0.038698    99.160    99.560
  20     0.034019    99.050     0.075143    97.180    99.560
  21     0.037050    98.937     0.019982    99.530    99.560
  22     0.032513    99.082     0.024075    99.250    99.560
  23     0.032802    99.070     0.032237    99.080    99.560
  24     0.031609    99.068     0.014370    99.580    99.580
  25     0.030943    99.083     0.017601    99.530    99.580
  26     0.028382    99.180     0.023617    99.400    99.580
  27     0.029204    99.138     0.013427    99.590    99.590
  28     0.026413    99.225     0.015231    99.540    99.590
  29     0.026852    99.195     0.015984    99.580    99.590
  30     0.023867    99.273     0.023001    99.400    99.590
  31     0.024741    99.247     0.014959    99.590    99.590
  32     0.025166    99.257     0.013103    99.630    99.630
  33     0.023584    99.293     0.013505    99.600    99.630
  34     0.021937    99.365     0.019240    99.460    99.630
  35     0.022715    99.325     0.014901    99.520    99.630
  36     0.022230    99.342     0.011432    99.630    99.630
  37     0.021067    99.373     0.012275    99.620    99.630
  38     0.018928    99.433     0.012111    99.640    99.640
  39     0.019928    99.407     0.011780    99.600    99.640
  40     0.019382    99.405     0.012513    99.610    99.640
  41     0.019052    99.445     0.014205    99.670    99.670
  42     0.019377    99.428     0.011572    99.640    99.670
  43     0.018347    99.462     0.010380    99.690    99.690
  44     0.016992    99.507     0.014000    99.640    99.690
  45     0.017241    99.488     0.012802    99.620    99.690
  46     0.018314    99.477     0.011284    99.660    99.690
  47     0.016842    99.480     0.013788    99.590    99.690
  48     0.016578    99.497     0.010507    99.660    99.690
  49     0.016429    99.510     0.013589    99.650    99.690
  50     0.014255    99.598     0.012671    99.620    99.690
  51     0.016001    99.523     0.011646    99.650    99.690
  52     0.014401    99.595     0.009617    99.740    99.740
  53     0.013435    99.633     0.013369    99.590    99.740
  54     0.015523    99.557     0.012489    99.620    99.740
  55     0.013246    99.610     0.014378    99.600    99.740
  56     0.013592    99.622     0.011071    99.670    99.740
  57     0.012851    99.638     0.010818    99.650    99.740
  58     0.013264    99.608     0.011096    99.680    99.740
  59     0.012291    99.653     0.018155    99.490    99.740
  60     0.012750    99.633     0.013449    99.560    99.740
  61     0.012469    99.630     0.014304    99.630    99.740
  62     0.012085    99.637     0.012395    99.670    99.740
  63     0.011562    99.632     0.013579    99.610    99.740
  64     0.012534    99.642     0.011311    99.630    99.740
  65     0.011360    99.673     0.012665    99.620    99.740
  66     0.011573    99.678     0.010388    99.650    99.740
  67     0.010368    99.705     0.012301    99.630    99.740
  68     0.011264    99.673     0.011401    99.680    99.740
  69     0.011142    99.653     0.009257    99.730    99.740
  70     0.010767    99.668     0.011050    99.660    99.740
  71     0.010147    99.678     0.011655    99.660    99.740
  72     0.009462    99.713     0.011660    99.630    99.740
  73     0.009215    99.733     0.012174    99.630    99.740
  74     0.009393    99.737     0.011114    99.680    99.740
  75     0.008631    99.748     0.010892    99.690    99.740
  76     0.008247    99.750     0.011374    99.700    99.740
  77     0.009273    99.723     0.010841    99.690    99.740
  78     0.008759    99.735     0.010467    99.730    99.740
  79     0.008456    99.738     0.011301    99.700    99.740
  80     0.009111    99.752     0.011250    99.630    99.740
  81     0.008965    99.730     0.010847    99.670    99.740
  82     0.007210    99.805     0.011737    99.620    99.740
  83     0.008073    99.760     0.011267    99.630    99.740
  84     0.008184    99.753     0.011515    99.640    99.740
  85     0.008089    99.760     0.010200    99.700    99.740
  86     0.008514    99.753     0.010650    99.710    99.740
  87     0.008001    99.778     0.011302    99.660    99.740
  88     0.006615    99.812     0.010890    99.610    99.740
  89     0.007134    99.783     0.010740    99.660    99.740
  90     0.006529    99.810     0.011522    99.690    99.740
  91     0.006775    99.803     0.013463    99.590    99.740
  92     0.007153    99.797     0.012931    99.660    99.740
  93     0.007884    99.770     0.011385    99.650    99.740
  94     0.007567    99.787     0.012673    99.680    99.740
  95     0.006980    99.808     0.010978    99.720    99.740
  96     0.007489    99.783     0.010500    99.660    99.740
  97     0.005698    99.853     0.012595    99.660    99.740
  98     0.006817    99.812     0.011362    99.650    99.740
  99     0.005865    99.823     0.014311    99.590    99.740
 100     0.006466    99.820     0.012627    99.610    99.740
 101     0.006286    99.822     0.012683    99.660    99.740
 102     0.006300    99.827     0.012279    99.640    99.740
 103     0.006843    99.808     0.012412    99.670    99.740
 104     0.006246    99.828     0.013064    99.630    99.740
 105     0.006009    99.828     0.010211    99.730    99.740
 106     0.005624    99.850     0.011629    99.680    99.740
 107     0.005803    99.833     0.012216    99.660    99.740
 108     0.006136    99.815     0.011442    99.690    99.740
 109     0.006286    99.820     0.011156    99.690    99.740
 110     0.005774    99.823     0.010211    99.690    99.740
 111     0.006093    99.832     0.010145    99.660    99.740
 112     0.005779    99.832     0.011044    99.640    99.740
 113     0.005615    99.828     0.010936    99.690    99.740
 114     0.005666    99.850     0.011510    99.650    99.740
 115     0.005356    99.827     0.011186    99.670    99.740
 116     0.005193    99.862     0.010718    99.680    99.740
 117     0.004677    99.865     0.011237    99.630    99.740
 118     0.005003    99.840     0.010428    99.670    99.740
 119     0.004611    99.870     0.012069    99.620    99.740
 120     0.005975    99.832     0.012169    99.670    99.740
 121     0.004758    99.862     0.011230    99.680    99.740
 122     0.004364    99.885     0.011822    99.660    99.740
 123     0.004913    99.855     0.011284    99.670    99.740
 124     0.004643    99.883     0.010440    99.700    99.740
 125     0.004796    99.877     0.010920    99.680    99.740
 126     0.004639    99.865     0.011161    99.670    99.740
 127     0.004405    99.863     0.011031    99.690    99.740
 128     0.004680    99.857     0.012532    99.640    99.740
 129     0.004379    99.878     0.012788    99.630    99.740
 130     0.004975    99.863     0.012298    99.640    99.740
 131     0.003876    99.885     0.011590    99.660    99.740
 132     0.004541    99.873     0.011068    99.690    99.740
 133     0.004888    99.868     0.010591    99.660    99.740
 134     0.004273    99.883     0.010438    99.690    99.740
 135     0.003972    99.893     0.010951    99.680    99.740
 136     0.004876    99.843     0.011585    99.690    99.740
 137     0.004222    99.880     0.011487    99.670    99.740
 138     0.004398    99.883     0.012252    99.710    99.740
 139     0.004414    99.870     0.011238    99.680    99.740
 140     0.003757    99.892     0.011768    99.670    99.740
 141     0.003812    99.880     0.011327    99.690    99.740
 142     0.003621    99.903     0.011982    99.680    99.740
 143     0.004405    99.865     0.011959    99.690    99.740
 144     0.003465    99.905     0.011318    99.660    99.740
 145     0.004507    99.870     0.011574    99.680    99.740
 146     0.004140    99.885     0.011882    99.680    99.740
 147     0.004003    99.885     0.012151    99.690    99.740
 148     0.003963    99.897     0.012178    99.680    99.740
 149     0.004086    99.888     0.012631    99.670    99.740
