   0     0.560474    88.410     0.161731    98.400    98.400
   1     0.219957    96.425     0.085507    99.060    99.060
   2     0.148577    97.262     0.063082    99.110    99.110
   3     0.117884    97.570     0.079069    98.780    99.110
   4     0.096190    97.862     0.074021    98.570    99.110
   5     0.084862    97.920     0.072340    98.960    99.110
   6     0.076292    98.115     0.032263    99.320    99.320
   7     0.069074    98.312     0.038791    99.320    99.320
   8     0.062791    98.335     0.037234    99.280    99.320
   9     0.060349    98.415     0.099027    97.360    99.320
  10     0.055151    98.527     0.030511    99.390    99.390
  11     0.052686    98.550     0.050173    98.910    99.390
  12     0.049633    98.627     0.031628    99.310    99.390
  13     0.046721    98.710     0.051061    98.680    99.390
  14     0.046092    98.723     0.028723    99.350    99.390
  15     0.041697    98.812     0.034324    99.240    99.390
  16     0.042525    98.808     0.036804    99.100    99.390
  17     0.039050    98.900     0.042903    98.950    99.390
  18     0.037080    98.902     0.016356    99.520    99.520
  19     0.037488    98.918     0.029764    99.270    99.520
  20     0.032634    99.075     0.026151    99.360    99.520
  21     0.033951    99.058     0.027287    99.260    99.520
  22     0.033613    98.990     0.021496    99.440    99.520
  23     0.030959    99.092     0.020929    99.440    99.520
  24     0.028528    99.137     0.013860    99.610    99.610
  25     0.030578    99.083     0.014630    99.590    99.610
  26     0.028778    99.138     0.012329    99.600    99.610
  27     0.025558    99.258     0.019515    99.420    99.610
  28     0.025999    99.265     0.016087    99.560    99.610
  29     0.026150    99.252     0.015202    99.510    99.610
  30     0.025716    99.235     0.020372    99.340    99.610
  31     0.023132    99.327     0.015959    99.530    99.610
  32     0.024768    99.263     0.020467    99.390    99.610
  33     0.023889    99.275     0.015734    99.570    99.610
  34     0.022062    99.372     0.015903    99.560    99.610
  35     0.020681    99.397     0.013136    99.600    99.610
  36     0.021530    99.340     0.011935    99.650    99.650
  37     0.020837    99.408     0.013542    99.500    99.650
  38     0.018928    99.442     0.009850    99.660    99.660
  39     0.019153    99.430     0.018181    99.490    99.660
  40     0.021782    99.372     0.013208    99.620    99.660
  41     0.018693    99.463     0.012057    99.650    99.660
  42     0.017604    99.490     0.011546    99.630    99.660
  43     0.018239    99.465     0.011870    99.600    99.660
  44     0.016590    99.482     0.013709    99.570    99.660
  45     0.015580    99.550     0.012394    99.630    99.660
  46     0.017526    99.493     0.012563    99.600    99.660
  47     0.015883    99.530     0.014346    99.520    99.660
  48     0.016043    99.520     0.015353    99.560    99.660
  49     0.013945    99.563     0.011745    99.670    99.670
  50     0.015133    99.552     0.012183    99.610    99.670
  51     0.013297    99.605     0.012074    99.610    99.670
  52     0.014665    99.553     0.011589    99.640    99.670
  53     0.014669    99.558     0.011546    99.610    99.670
  54     0.014300    99.553     0.011065    99.630    99.670
  55     0.013026    99.615     0.011546    99.670    99.670
  56     0.014573    99.577     0.011795    99.620    99.670
  57     0.013839    99.580     0.012256    99.630    99.670
  58     0.012041    99.630     0.012338    99.630    99.670
  59     0.012476    99.630     0.013848    99.560    99.670
  60     0.011226    99.658     0.012192    99.630    99.670
  61     0.011618    99.653     0.011388    99.650    99.670
  62     0.011806    99.618     0.011777    99.640    99.670
  63     0.011018    99.673     0.011892    99.630    99.670
  64     0.011307    99.687     0.011643    99.620    99.670
  65     0.011413    99.672     0.011679    99.600    99.670
  66     0.010873    99.672     0.011173    99.660    99.670
  67     0.010942    99.662     0.012401    99.620    99.670
  68     0.011060    99.662     0.013288    99.580    99.670
  69     0.010581    99.692     0.011959    99.600    99.670
  70     0.010028    99.698     0.012443    99.670    99.670
  71     0.009747    99.720     0.010280    99.630    99.670
  72     0.010660    99.687     0.011359    99.610    99.670
  73     0.010071    99.702     0.012755    99.630    99.670
  74     0.010180    99.672     0.012967    99.660    99.670
  75     0.009057    99.737     0.011731    99.660    99.670
  76     0.008810    99.750     0.010466    99.660    99.670
  77     0.008277    99.742     0.012081    99.680    99.680
  78     0.010244    99.692     0.012177    99.650    99.680
  79     0.007963    99.775     0.011361    99.670    99.680
  80     0.008440    99.768     0.010793    99.670    99.680
  81     0.009253    99.723     0.010284    99.730    99.730
  82     0.008729    99.735     0.010446    99.700    99.730
  83     0.007921    99.775     0.012609    99.640    99.730
  84     0.008774    99.740     0.010701    99.660    99.730
  85     0.008700    99.742     0.012172    99.630    99.730
  86     0.008402    99.777     0.012725    99.660    99.730
  87     0.006990    99.785     0.010670    99.650    99.730
  88     0.007888    99.770     0.010321    99.680    99.730
  89     0.007919    99.745     0.010512    99.700    99.730
  90     0.007732    99.762     0.011768    99.650    99.730
  91     0.008036    99.770     0.012977    99.650    99.730
  92     0.007000    99.810     0.011764    99.690    99.730
  93     0.007581    99.778     0.011007    99.700    99.730
  94     0.006376    99.783     0.012025    99.660    99.730
  95     0.007483    99.777     0.014301    99.680    99.730
  96     0.006528    99.805     0.011485    99.700    99.730
  97     0.006650    99.845     0.011313    99.650    99.730
  98     0.006177    99.803     0.011046    99.720    99.730
  99     0.006688    99.797     0.010575    99.690    99.730
 100     0.006821    99.803     0.012048    99.670    99.730
 101     0.007140    99.793     0.011035    99.630    99.730
 102     0.006626    99.793     0.011959    99.680    99.730
 103     0.006737    99.805     0.012244    99.690    99.730
 104     0.006069    99.823     0.011409    99.680    99.730
 105     0.006434    99.822     0.010991    99.680    99.730
 106     0.006436    99.805     0.012447    99.630    99.730
 107     0.005911    99.832     0.011835    99.650    99.730
 108     0.005757    99.818     0.012032    99.660    99.730
 109     0.005912    99.813     0.012033    99.650    99.730
 110     0.004947    99.853     0.012895    99.620    99.730
 111     0.005556    99.850     0.012006    99.640    99.730
 112     0.006074    99.827     0.011740    99.650    99.730
 113     0.005321    99.832     0.011619    99.680    99.730
 114     0.004956    99.845     0.012233    99.640    99.730
 115     0.005253    99.868     0.012079    99.660    99.730
 116     0.005597    99.843     0.011388    99.700    99.730
 117     0.005314    99.863     0.011557    99.660    99.730
 118     0.005065    99.855     0.012704    99.700    99.730
 119     0.005209    99.852     0.013083    99.610    99.730
 120     0.004577    99.873     0.011844    99.650    99.730
 121     0.005433    99.850     0.011995    99.670    99.730
 122     0.005389    99.855     0.012592    99.680    99.730
 123     0.005013    99.850     0.011754    99.660    99.730
 124     0.005074    99.855     0.011636    99.680    99.730
 125     0.004885    99.862     0.012346    99.650    99.730
 126     0.004601    99.872     0.011847    99.680    99.730
 127     0.005126    99.853     0.012733    99.660    99.730
 128     0.004340    99.888     0.012830    99.690    99.730
 129     0.004476    99.870     0.012522    99.690    99.730
 130     0.005035    99.848     0.012131    99.730    99.730
 131     0.004314    99.892     0.012253    99.640    99.730
 132     0.004929    99.858     0.012100    99.700    99.730
 133     0.004968    99.845     0.012387    99.650    99.730
 134     0.004439    99.872     0.012196    99.670    99.730
 135     0.004526    99.850     0.011966    99.670    99.730
 136     0.004515    99.858     0.011156    99.680    99.730
 137     0.004032    99.900     0.011915    99.690    99.730
 138     0.004185    99.872     0.011587    99.710    99.730
 139     0.003782    99.883     0.011959    99.710    99.730
 140     0.003427    99.905     0.012255    99.670    99.730
 141     0.004116    99.883     0.012813    99.650    99.730
 142     0.004238    99.872     0.012543    99.660    99.730
 143     0.003996    99.868     0.013069    99.670    99.730
 144     0.004233    99.885     0.012742    99.710    99.730
 145     0.003937    99.888     0.012468    99.680    99.730
 146     0.004824    99.867     0.012131    99.700    99.730
 147     0.004377    99.875     0.012685    99.680    99.730
 148     0.004105    99.885     0.012823    99.700    99.730
 149     0.003930    99.898     0.012983    99.690    99.730
