   0     0.542417    89.043     0.174171    98.500    98.500
   1     0.213462    96.603     0.098793    99.020    99.020
   2     0.145811    97.337     0.072161    99.150    99.150
   3     0.113932    97.655     0.054298    99.320    99.320
   4     0.095995    97.902     0.057852    99.230    99.320
   5     0.085991    97.960     0.060229    98.840    99.320
   6     0.076273    98.158     0.067443    98.600    99.320
   7     0.067321    98.303     0.054008    99.320    99.320
   8     0.063783    98.348     0.048002    99.030    99.320
   9     0.060217    98.365     0.037055    99.160    99.320
  10     0.054680    98.535     0.044545    98.990    99.320
  11     0.051313    98.627     0.037073    99.350    99.350
  12     0.051121    98.610     0.054774    98.960    99.350
  13     0.046168    98.773     0.026985    99.340    99.350
  14     0.042990    98.825     0.025414    99.410    99.410
  15     0.042586    98.813     0.102451    96.820    99.410
  16     0.040797    98.847     0.020242    99.490    99.490
  17     0.038776    98.900     0.027264    99.230    99.490
  18     0.038982    98.877     0.029443    99.250    99.490
  19     0.035132    99.000     0.020335    99.510    99.510
  20     0.032835    99.050     0.018536    99.520    99.520
  21     0.034698    98.962     0.018579    99.500    99.520
  22     0.032673    99.045     0.019318    99.440    99.520
  23     0.031460    99.075     0.021614    99.370    99.520
  24     0.031067    99.100     0.015054    99.600    99.600
  25     0.028714    99.182     0.016644    99.560    99.600
  26     0.029223    99.162     0.014176    99.630    99.630
  27     0.027914    99.187     0.014770    99.560    99.630
  28     0.027374    99.255     0.015535    99.530    99.630
  29     0.024530    99.263     0.012289    99.640    99.640
  30     0.024841    99.258     0.011561    99.670    99.670
  31     0.025234    99.248     0.012855    99.580    99.670
  32     0.024224    99.283     0.013405    99.610    99.670
  33     0.024320    99.325     0.016595    99.500    99.670
  34     0.023324    99.308     0.013744    99.620    99.670
  35     0.021254    99.367     0.013579    99.630    99.670
  36     0.020446    99.373     0.011892    99.660    99.670
  37     0.019894    99.425     0.012454    99.640    99.670
  38     0.020617    99.417     0.012182    99.590    99.670
  39     0.019320    99.420     0.012212    99.620    99.670
  40     0.018630    99.485     0.013269    99.560    99.670
  41     0.018247    99.467     0.013199    99.580    99.670
  42     0.017910    99.475     0.013405    99.630    99.670
  43     0.017393    99.513     0.010469    99.630    99.670
  44     0.017810    99.467     0.013192    99.550    99.670
  45     0.016769    99.453     0.010071    99.700    99.700
  46     0.016436    99.527     0.011515    99.690    99.700
  47     0.015066    99.535     0.010876    99.670    99.700
  48     0.016913    99.477     0.011623    99.580    99.700
  49     0.015309    99.565     0.013989    99.590    99.700
  50     0.013644    99.602     0.010056    99.730    99.730
  51     0.015170    99.533     0.014013    99.540    99.730
  52     0.015108    99.547     0.012310    99.610    99.730
  53     0.013711    99.620     0.011466    99.650    99.730
  54     0.013979    99.583     0.011379    99.700    99.730
  55     0.014512    99.555     0.013374    99.550    99.730
  56     0.014811    99.572     0.011072    99.670    99.730
  57     0.012894    99.630     0.011162    99.670    99.730
  58     0.012096    99.618     0.010449    99.640    99.730
  59     0.012661    99.620     0.013736    99.570    99.730
  60     0.012078    99.657     0.012418    99.600    99.730
  61     0.011810    99.642     0.012586    99.630    99.730
  62     0.011115    99.687     0.012257    99.670    99.730
  63     0.011728    99.647     0.012577    99.630    99.730
  64     0.010917    99.688     0.011410    99.630    99.730
  65     0.011241    99.650     0.012231    99.630    99.730
  66     0.010249    99.707     0.011670    99.590    99.730
  67     0.012473    99.640     0.010888    99.630    99.730
  68     0.010781    99.688     0.011343    99.640    99.730
  69     0.010142    99.702     0.012238    99.640    99.730
  70     0.010920    99.662     0.011145    99.660    99.730
  71     0.010510    99.692     0.012900    99.630    99.730
  72     0.009578    99.722     0.010574    99.730    99.730
  73     0.008293    99.772     0.012435    99.660    99.730
  74     0.009570    99.738     0.010335    99.700    99.730
  75     0.009491    99.705     0.009964    99.710    99.730
  76     0.009614    99.735     0.011540    99.660    99.730
  77     0.008428    99.760     0.011480    99.720    99.730
  78     0.008289    99.762     0.010955    99.680    99.730
  79     0.009205    99.730     0.011784    99.660    99.730
  80     0.007670    99.762     0.010956    99.670    99.730
  81     0.009436    99.715     0.012894    99.660    99.730
  82     0.008173    99.755     0.011680    99.670    99.730
  83     0.009121    99.715     0.011454    99.630    99.730
  84     0.008091    99.757     0.011559    99.640    99.730
  85     0.008686    99.755     0.011849    99.650    99.730
  86     0.008502    99.765     0.010748    99.690    99.730
  87     0.007662    99.747     0.010550    99.740    99.740
  88     0.008003    99.777     0.011787    99.670    99.740
  89     0.007153    99.785     0.011688    99.710    99.740
  90     0.007000    99.797     0.011138    99.700    99.740
  91     0.007209    99.797     0.011429    99.700    99.740
  92     0.007528    99.770     0.011307    99.640    99.740
  93     0.007391    99.798     0.012069    99.630    99.740
  94     0.007053    99.787     0.011489    99.710    99.740
  95     0.006672    99.777     0.012599    99.670    99.740
  96     0.006252    99.832     0.012223    99.660    99.740
  97     0.006862    99.808     0.012159    99.660    99.740
  98     0.006533    99.802     0.011518    99.660    99.740
  99     0.006028    99.823     0.011189    99.650    99.740
 100     0.005991    99.815     0.011442    99.660    99.740
 101     0.006320    99.827     0.011932    99.680    99.740
 102     0.005942    99.828     0.010820    99.710    99.740
 103     0.005995    99.818     0.011245    99.660    99.740
 104     0.006299    99.827     0.011547    99.670    99.740
 105     0.005397    99.818     0.012535    99.680    99.740
 106     0.006335    99.792     0.013007    99.640    99.740
 107     0.006201    99.828     0.011227    99.660    99.740
 108     0.005574    99.837     0.011365    99.620    99.740
 109     0.005414    99.847     0.010942    99.660    99.740
 110     0.005179    99.852     0.011543    99.670    99.740
 111     0.005325    99.842     0.010641    99.630    99.740
 112     0.005233    99.842     0.012169    99.640    99.740
 113     0.005367    99.837     0.010548    99.690    99.740
 114     0.005149    99.860     0.011529    99.690    99.740
 115     0.004893    99.858     0.012237    99.690    99.740
 116     0.005095    99.850     0.011402    99.720    99.740
 117     0.005404    99.825     0.011429    99.690    99.740
 118     0.004567    99.853     0.011918    99.670    99.740
 119     0.005384    99.848     0.012400    99.660    99.740
 120     0.005338    99.845     0.012860    99.680    99.740
 121     0.004746    99.865     0.012636    99.660    99.740
 122     0.004896    99.870     0.011515    99.680    99.740
 123     0.004803    99.858     0.011190    99.660    99.740
 124     0.003959    99.878     0.011418    99.650    99.740
 125     0.004031    99.895     0.011851    99.660    99.740
 126     0.004376    99.875     0.012076    99.670    99.740
 127     0.004303    99.868     0.011654    99.680    99.740
 128     0.004221    99.885     0.011689    99.640    99.740
 129     0.004348    99.897     0.010855    99.690    99.740
 130     0.004608    99.852     0.011423    99.660    99.740
 131     0.004219    99.870     0.010757    99.690    99.740
 132     0.004445    99.867     0.011139    99.710    99.740
 133     0.004572    99.885     0.011043    99.670    99.740
 134     0.004969    99.838     0.010782    99.720    99.740
 135     0.004128    99.888     0.011001    99.720    99.740
 136     0.004258    99.888     0.011469    99.710    99.740
 137     0.004068    99.880     0.012199    99.630    99.740
 138     0.003766    99.895     0.011131    99.680    99.740
 139     0.003632    99.902     0.012051    99.650    99.740
 140     0.004417    99.867     0.011722    99.670    99.740
 141     0.004168    99.882     0.011337    99.690    99.740
 142     0.003930    99.903     0.011440    99.660    99.740
 143     0.003902    99.895     0.010770    99.680    99.740
 144     0.003906    99.897     0.011507    99.660    99.740
 145     0.004522    99.875     0.011017    99.690    99.740
 146     0.004675    99.868     0.011751    99.720    99.740
 147     0.003991    99.877     0.010985    99.710    99.740
 148     0.003954    99.887     0.011230    99.680    99.740
 149     0.003687    99.900     0.010749    99.700    99.740
