   0     0.542500    89.053     0.132576    99.000    99.000
   1     0.213387    96.627     0.091448    99.210    99.210
   2     0.145539    97.275     0.107463    98.580    99.210
   3     0.115903    97.615     0.075172    99.070    99.210
   4     0.094011    97.973     0.150333    96.480    99.210
   5     0.084823    98.033     0.033474    99.400    99.400
   6     0.074766    98.162     0.065223    98.750    99.400
   7     0.068763    98.293     0.031783    99.490    99.490
   8     0.062680    98.388     0.101122    97.820    99.490
   9     0.058698    98.463     0.021786    99.530    99.530
  10     0.055177    98.518     0.033885    99.360    99.530
  11     0.049284    98.662     0.068554    98.230    99.530
  12     0.049061    98.620     0.050487    98.850    99.530
  13     0.047407    98.677     0.020358    99.520    99.530
  14     0.043679    98.775     0.063085    98.390    99.530
  15     0.044381    98.757     0.038514    99.210    99.530
  16     0.039980    98.858     0.022261    99.430    99.530
  17     0.037430    98.900     0.020628    99.490    99.530
  18     0.035469    98.988     0.135186    94.570    99.530
  19     0.036564    98.948     0.017452    99.590    99.590
  20     0.033383    99.085     0.030653    99.220    99.590
  21     0.033701    99.003     0.022009    99.430    99.590
  22     0.032709    99.082     0.029441    99.170    99.590
  23     0.030856    99.125     0.017940    99.480    99.590
  24     0.030331    99.087     0.016040    99.490    99.590
  25     0.029572    99.102     0.033524    99.150    99.590
  26     0.027031    99.198     0.016706    99.540    99.590
  27     0.027827    99.197     0.014133    99.580    99.590
  28     0.025128    99.267     0.013451    99.620    99.620
  29     0.023789    99.285     0.014095    99.570    99.620
  30     0.025367    99.238     0.011754    99.700    99.700
  31     0.024858    99.242     0.013908    99.650    99.700
  32     0.022735    99.337     0.011605    99.700    99.700
  33     0.023111    99.347     0.013290    99.640    99.700
  34     0.021962    99.353     0.013469    99.590    99.700
  35     0.022143    99.350     0.015424    99.600    99.700
  36     0.021547    99.360     0.010570    99.710    99.710
  37     0.020556    99.427     0.011235    99.710    99.710
  38     0.020422    99.407     0.011642    99.710    99.710
  39     0.018323    99.442     0.010015    99.710    99.710
  40     0.019302    99.450     0.010465    99.700    99.710
  41     0.018554    99.445     0.012669    99.610    99.710
  42     0.019189    99.408     0.010723    99.740    99.740
  43     0.017841    99.455     0.012915    99.570    99.740
  44     0.017635    99.470     0.011428    99.710    99.740
  45     0.016353    99.502     0.009518    99.730    99.740
  46     0.017242    99.463     0.010808    99.780    99.780
  47     0.016949    99.465     0.009703    99.730    99.780
  48     0.015946    99.558     0.012846    99.570    99.780
  49     0.014950    99.587     0.011127    99.720    99.780
  50     0.015818    99.497     0.012722    99.690    99.780
  51     0.013744    99.602     0.010992    99.710    99.780
  52     0.014025    99.585     0.012003    99.680    99.780
  53     0.013724    99.572     0.010153    99.730    99.780
  54     0.013420    99.598     0.011894    99.670    99.780
  55     0.014065    99.585     0.010676    99.660    99.780
  56     0.014370    99.595     0.012047    99.600    99.780
  57     0.013037    99.602     0.011832    99.660    99.780
  58     0.012547    99.622     0.011235    99.660    99.780
  59     0.011915    99.663     0.011755    99.650    99.780
  60     0.013268    99.605     0.013713    99.590    99.780
  61     0.012226    99.618     0.011277    99.700    99.780
  62     0.011458    99.642     0.012693    99.660    99.780
  63     0.010969    99.663     0.010640    99.680    99.780
  64     0.009896    99.698     0.012059    99.620    99.780
  65     0.011297    99.685     0.011496    99.650    99.780
  66     0.009837    99.707     0.010474    99.730    99.780
  67     0.009994    99.708     0.011595    99.690    99.780
  68     0.010762    99.678     0.011310    99.670    99.780
  69     0.010734    99.663     0.011448    99.660    99.780
  70     0.010571    99.688     0.010375    99.730    99.780
  71     0.010419    99.685     0.009280    99.700    99.780
  72     0.009526    99.725     0.011251    99.710    99.780
  73     0.009039    99.730     0.010401    99.750    99.780
  74     0.009992    99.695     0.011266    99.650    99.780
  75     0.009729    99.717     0.010146    99.700    99.780
  76     0.009932    99.708     0.011964    99.650    99.780
  77     0.009037    99.735     0.010903    99.710    99.780
  78     0.007862    99.767     0.012063    99.680    99.780
  79     0.007971    99.768     0.011531    99.660    99.780
  80     0.009617    99.697     0.010888    99.650    99.780
  81     0.008896    99.728     0.012733    99.670    99.780
  82     0.008006    99.748     0.013593    99.640    99.780
  83     0.008407    99.743     0.012255    99.640    99.780
  84     0.008224    99.762     0.012065    99.660    99.780
  85     0.007271    99.793     0.010448    99.680    99.780
  86     0.007626    99.742     0.011266    99.710    99.780
  87     0.007945    99.768     0.010012    99.740    99.780
  88     0.006974    99.802     0.012213    99.660    99.780
  89     0.007451    99.783     0.009439    99.740    99.780
  90     0.006833    99.788     0.010261    99.680    99.780
  91     0.006753    99.790     0.010761    99.690    99.780
  92     0.007163    99.783     0.011034    99.690    99.780
  93     0.007533    99.775     0.010326    99.700    99.780
  94     0.006540    99.810     0.011008    99.650    99.780
  95     0.005406    99.847     0.010016    99.720    99.780
  96     0.006344    99.810     0.009399    99.740    99.780
  97     0.006578    99.792     0.013210    99.670    99.780
  98     0.006963    99.792     0.010488    99.690    99.780
  99     0.005310    99.858     0.010006    99.700    99.780
 100     0.006794    99.802     0.010480    99.690    99.780
 101     0.006352    99.820     0.010075    99.720    99.780
 102     0.006256    99.812     0.011658    99.660    99.780
 103     0.006211    99.828     0.009708    99.710    99.780
 104     0.006523    99.810     0.010011    99.720    99.780
 105     0.004800    99.867     0.009977    99.720    99.780
 106     0.005420    99.847     0.010878    99.690    99.780
 107     0.005719    99.845     0.011244    99.640    99.780
 108     0.006035    99.827     0.011275    99.680    99.780
 109     0.006273    99.813     0.013062    99.680    99.780
 110     0.005528    99.853     0.010272    99.760    99.780
 111     0.005092    99.845     0.010669    99.690    99.780
 112     0.005537    99.847     0.009790    99.720    99.780
 113     0.004876    99.855     0.011014    99.680    99.780
 114     0.005694    99.840     0.012592    99.670    99.780
 115     0.004735    99.858     0.010849    99.730    99.780
 116     0.005199    99.848     0.011205    99.670    99.780
 117     0.004749    99.868     0.011444    99.700    99.780
 118     0.005554    99.832     0.010940    99.700    99.780
 119     0.004861    99.857     0.011619    99.680    99.780
 120     0.005347    99.842     0.010673    99.720    99.780
 121     0.004833    99.872     0.011210    99.680    99.780
 122     0.005147    99.843     0.010746    99.690    99.780
 123     0.005132    99.857     0.010768    99.710    99.780
 124     0.004967    99.875     0.010934    99.710    99.780
 125     0.004257    99.887     0.010588    99.710    99.780
 126     0.004813    99.847     0.011875    99.690    99.780
 127     0.004392    99.877     0.010886    99.750    99.780
 128     0.004996    99.873     0.011285    99.680    99.780
 129     0.004771    99.868     0.011025    99.700    99.780
 130     0.004253    99.873     0.011722    99.670    99.780
 131     0.004542    99.870     0.011633    99.680    99.780
 132     0.004801    99.853     0.010908    99.690    99.780
 133     0.003679    99.903     0.010742    99.670    99.780
 134     0.004313    99.873     0.011278    99.660    99.780
 135     0.004224    99.880     0.010547    99.680    99.780
 136     0.004790    99.865     0.010754    99.680    99.780
 137     0.004416    99.867     0.010611    99.660    99.780
 138     0.004074    99.873     0.010427    99.700    99.780
 139     0.004017    99.883     0.011278    99.680    99.780
 140     0.003562    99.885     0.010840    99.700    99.780
 141     0.003915    99.907     0.010997    99.690    99.780
 142     0.003461    99.910     0.011098    99.660    99.780
 143     0.003822    99.882     0.010585    99.650    99.780
 144     0.003180    99.917     0.010457    99.700    99.780
 145     0.004187    99.882     0.011242    99.680    99.780
 146     0.004154    99.868     0.011030    99.700    99.780
 147     0.003535    99.905     0.010734    99.700    99.780
 148     0.003847    99.888     0.011345    99.670    99.780
 149     0.003882    99.898     0.011010    99.690    99.780
