   0     0.541455    89.253     0.157006    98.940    98.940
   1     0.209175    96.732     0.086102    99.340    99.340
   2     0.143703    97.432     0.109556    98.880    99.340
   3     0.112534    97.702     0.072652    99.080    99.340
   4     0.093595    97.913     0.060843    99.020    99.340
   5     0.083133    98.093     0.052132    99.230    99.340
   6     0.073909    98.183     0.036437    99.380    99.380
   7     0.067450    98.308     0.064042    98.750    99.380
   8     0.064027    98.370     0.137751    96.150    99.380
   9     0.058115    98.415     0.059874    98.520    99.380
  10     0.055122    98.553     0.046733    98.910    99.380
  11     0.051199    98.640     0.024017    99.470    99.470
  12     0.048510    98.627     0.035422    99.300    99.470
  13     0.044653    98.727     0.029236    99.380    99.470
  14     0.044999    98.793     0.036045    99.260    99.470
  15     0.043954    98.777     0.023695    99.520    99.520
  16     0.040550    98.873     0.030878    99.140    99.520
  17     0.039525    98.875     0.040813    98.960    99.520
  18     0.037223    98.973     0.018036    99.530    99.530
  19     0.035972    98.972     0.020278    99.510    99.530
  20     0.033731    99.033     0.019657    99.450    99.530
  21     0.034340    98.978     0.018672    99.450    99.530
  22     0.033535    99.052     0.014041    99.600    99.600
  23     0.032375    99.080     0.017824    99.500    99.600
  24     0.031815    99.088     0.020806    99.450    99.600
  25     0.028626    99.153     0.026369    99.380    99.600
  26     0.028207    99.195     0.021810    99.420    99.600
  27     0.025982    99.257     0.011873    99.660    99.660
  28     0.027649    99.190     0.014052    99.550    99.660
  29     0.025428    99.280     0.011382    99.710    99.710
  30     0.026253    99.268     0.013364    99.620    99.710
  31     0.023728    99.317     0.013856    99.610    99.710
  32     0.024187    99.293     0.011990    99.690    99.710
  33     0.022204    99.332     0.014592    99.570    99.710
  34     0.021446    99.362     0.012211    99.640    99.710
  35     0.022672    99.332     0.011751    99.670    99.710
  36     0.021122    99.395     0.015944    99.510    99.710
  37     0.021802    99.302     0.016101    99.520    99.710
  38     0.019689    99.412     0.013583    99.600    99.710
  39     0.018763    99.450     0.011062    99.680    99.710
  40     0.017848    99.478     0.010367    99.680    99.710
  41     0.018102    99.457     0.012386    99.660    99.710
  42     0.019630    99.417     0.010188    99.720    99.720
  43     0.019044    99.457     0.010477    99.630    99.720
  44     0.018061    99.477     0.010692    99.680    99.720
  45     0.017166    99.515     0.010115    99.710    99.720
  46     0.017280    99.473     0.014495    99.580    99.720
  47     0.016546    99.500     0.009714    99.760    99.760
  48     0.015228    99.515     0.010790    99.700    99.760
  49     0.014840    99.547     0.009702    99.720    99.760
  50     0.016109    99.503     0.011461    99.700    99.760
  51     0.014814    99.527     0.010020    99.730    99.760
  52     0.014680    99.552     0.012666    99.660    99.760
  53     0.013682    99.563     0.010826    99.680    99.760
  54     0.014115    99.580     0.010336    99.680    99.760
  55     0.013536    99.583     0.009615    99.690    99.760
  56     0.013110    99.613     0.011066    99.670    99.760
  57     0.013059    99.643     0.010311    99.690    99.760
  58     0.012896    99.637     0.015007    99.680    99.760
  59     0.013127    99.575     0.012439    99.660    99.760
  60     0.012448    99.615     0.011672    99.690    99.760
  61     0.011891    99.625     0.011467    99.710    99.760
  62     0.011827    99.645     0.011467    99.650    99.760
  63     0.011405    99.632     0.008495    99.730    99.760
  64     0.011533    99.648     0.009415    99.710    99.760
  65     0.011100    99.675     0.011511    99.690    99.760
  66     0.011013    99.655     0.010444    99.700    99.760
  67     0.010947    99.667     0.012975    99.660    99.760
  68     0.010452    99.702     0.009797    99.730    99.760
  69     0.011405    99.642     0.012310    99.690    99.760
  70     0.010965    99.665     0.010849    99.710    99.760
  71     0.010045    99.710     0.011442    99.710    99.760
  72     0.010370    99.717     0.009567    99.720    99.760
  73     0.008373    99.742     0.009783    99.720    99.760
  74     0.008906    99.740     0.011936    99.680    99.760
  75     0.009421    99.700     0.010396    99.690    99.760
  76     0.009047    99.725     0.009495    99.720    99.760
  77     0.008994    99.728     0.012308    99.700    99.760
  78     0.008206    99.742     0.010236    99.730    99.760
  79     0.009035    99.728     0.012245    99.680    99.760
  80     0.008934    99.728     0.010479    99.770    99.770
  81     0.008920    99.728     0.010664    99.760    99.770
  82     0.009353    99.742     0.011815    99.660    99.770
  83     0.007422    99.770     0.012308    99.670    99.770
  84     0.007621    99.760     0.010641    99.620    99.770
  85     0.007038    99.797     0.011076    99.710    99.770
  86     0.007204    99.803     0.011179    99.690    99.770
  87     0.007854    99.758     0.009904    99.710    99.770
  88     0.007829    99.752     0.009681    99.690    99.770
  89     0.006960    99.797     0.010832    99.670    99.770
  90     0.006835    99.800     0.010699    99.670    99.770
  91     0.007025    99.805     0.010692    99.710    99.770
  92     0.006563    99.792     0.010102    99.690    99.770
  93     0.006948    99.782     0.011581    99.670    99.770
  94     0.006426    99.807     0.012315    99.650    99.770
  95     0.008445    99.745     0.010202    99.680    99.770
  96     0.006812    99.813     0.011893    99.710    99.770
  97     0.006932    99.788     0.010959    99.710    99.770
  98     0.006628    99.810     0.011200    99.710    99.770
  99     0.006484    99.820     0.011180    99.690    99.770
 100     0.006407    99.802     0.010228    99.690    99.770
 101     0.006089    99.838     0.010260    99.700    99.770
 102     0.006261    99.838     0.010847    99.740    99.770
 103     0.005972    99.822     0.011735    99.710    99.770
 104     0.006231    99.818     0.012016    99.660    99.770
 105     0.005814    99.830     0.010889    99.720    99.770
 106     0.006684    99.800     0.011803    99.670    99.770
 107     0.005665    99.842     0.012514    99.640    99.770
 108     0.005407    99.833     0.011279    99.720    99.770
 109     0.005075    99.845     0.011061    99.680    99.770
 110     0.005974    99.818     0.011541    99.720    99.770
 111     0.005780    99.842     0.010599    99.700    99.770
 112     0.005969    99.847     0.011224    99.710    99.770
 113     0.004929    99.865     0.011762    99.660    99.770
 114     0.005260    99.818     0.012503    99.640    99.770
 115     0.005153    99.853     0.012444    99.640    99.770
 116     0.005408    99.845     0.012200    99.640    99.770
 117     0.005345    99.853     0.011261    99.660    99.770
 118     0.005300    99.838     0.011027    99.690    99.770
 119     0.005189    99.852     0.011117    99.700    99.770
 120     0.005375    99.833     0.011651    99.690    99.770
 121     0.004793    99.863     0.010825    99.720    99.770
 122     0.004539    99.858     0.011247    99.700    99.770
 123     0.005047    99.842     0.011229    99.670    99.770
 124     0.004467    99.872     0.010433    99.660    99.770
 125     0.004227    99.900     0.011914    99.670    99.770
 126     0.004876    99.872     0.011912    99.640    99.770
 127     0.004799    99.868     0.011298    99.670    99.770
 128     0.004850    99.860     0.011327    99.660    99.770
 129     0.004734    99.875     0.010904    99.710    99.770
 130     0.005167    99.837     0.011040    99.690    99.770
 131     0.004740    99.865     0.010599    99.660    99.770
 132     0.003670    99.890     0.011098    99.690    99.770
 133     0.004259    99.867     0.009890    99.710    99.770
 134     0.003957    99.892     0.011043    99.710    99.770
 135     0.004534    99.870     0.010853    99.720    99.770
 136     0.004679    99.882     0.011193    99.710    99.770
 137     0.004071    99.897     0.010509    99.690    99.770
 138     0.003490    99.900     0.010305    99.710    99.770
 139     0.003521    99.900     0.010564    99.700    99.770
 140     0.004295    99.880     0.010930    99.690    99.770
 141     0.004203    99.883     0.010850    99.690    99.770
 142     0.004477    99.867     0.010683    99.690    99.770
 143     0.004341    99.877     0.010323    99.700    99.770
 144     0.004498    99.883     0.010830    99.710    99.770
 145     0.004277    99.882     0.010344    99.700    99.770
 146     0.004149    99.872     0.011019    99.690    99.770
 147     0.003699    99.880     0.011487    99.700    99.770
 148     0.004433    99.875     0.010459    99.710    99.770
 149     0.004065    99.882     0.010733    99.720    99.770
