   0     0.549188    88.693     0.145037    98.900    98.900
   1     0.217003    96.472     0.095438    98.860    98.900
   2     0.148818    97.237     0.068808    99.260    99.260
   3     0.114165    97.673     0.067199    98.920    99.260
   4     0.094797    97.925     0.079197    98.820    99.260
   5     0.087473    97.887     0.049670    99.190    99.260
   6     0.078291    98.082     0.048419    99.310    99.310
   7     0.069659    98.193     0.063653    98.880    99.310
   8     0.061847    98.487     0.040340    99.290    99.310
   9     0.060051    98.383     0.045991    99.140    99.310
  10     0.055992    98.492     0.031828    99.390    99.390
  11     0.052219    98.532     0.053960    98.690    99.390
  12     0.052507    98.532     0.030317    99.170    99.390
  13     0.047587    98.687     0.022303    99.480    99.480
  14     0.044304    98.805     0.037224    99.190    99.480
  15     0.044330    98.702     0.035220    99.280    99.480
  16     0.040959    98.802     0.021314    99.480    99.480
  17     0.040247    98.873     0.018953    99.480    99.480
  18     0.037713    98.932     0.061785    98.390    99.480
  19     0.036292    98.952     0.017543    99.520    99.520
  20     0.034940    99.002     0.030131    99.300    99.520
  21     0.034855    98.990     0.016681    99.530    99.530
  22     0.033878    99.027     0.022594    99.400    99.530
  23     0.032089    99.055     0.021778    99.370    99.530
  24     0.030539    99.098     0.019618    99.460    99.530
  25     0.030286    99.088     0.021592    99.300    99.530
  26     0.027793    99.208     0.013913    99.590    99.590
  27     0.025075    99.267     0.012173    99.670    99.670
  28     0.028794    99.162     0.015747    99.590    99.670
  29     0.026127    99.243     0.018972    99.440    99.670
  30     0.024307    99.292     0.013069    99.640    99.670
  31     0.024587    99.280     0.011019    99.620    99.670
  32     0.023305    99.317     0.014861    99.520    99.670
  33     0.021986    99.352     0.015861    99.530    99.670
  34     0.023779    99.327     0.015440    99.540    99.670
  35     0.021282    99.337     0.013819    99.590    99.670
  36     0.019717    99.443     0.013654    99.650    99.670
  37     0.021040    99.388     0.010502    99.640    99.670
  38     0.019748    99.433     0.009717    99.680    99.680
  39     0.020007    99.402     0.012662    99.580    99.680
  40     0.018807    99.393     0.010953    99.580    99.680
  41     0.019385    99.413     0.009839    99.680    99.680
  42     0.018484    99.440     0.012754    99.670    99.680
  43     0.017582    99.457     0.011525    99.680    99.680
  44     0.017236    99.492     0.010835    99.720    99.720
  45     0.017023    99.510     0.010940    99.650    99.720
  46     0.017903    99.452     0.011901    99.660    99.720
  47     0.016986    99.525     0.010650    99.640    99.720
  48     0.015867    99.548     0.010071    99.680    99.720
  49     0.014376    99.572     0.010274    99.680    99.720
  50     0.015431    99.532     0.009061    99.740    99.740
  51     0.014946    99.550     0.010256    99.720    99.740
  52     0.013428    99.610     0.013312    99.610    99.740
  53     0.013676    99.563     0.012111    99.630    99.740
  54     0.013994    99.597     0.011240    99.650    99.740
  55     0.012853    99.633     0.010680    99.670    99.740
  56     0.012905    99.620     0.012907    99.620    99.740
  57     0.013321    99.612     0.011063    99.680    99.740
  58     0.014116    99.572     0.010120    99.710    99.740
  59     0.011999    99.658     0.011609    99.640    99.740
  60     0.013608    99.618     0.011296    99.700    99.740
  61     0.012518    99.652     0.011563    99.650    99.740
  62     0.012242    99.670     0.010334    99.690    99.740
  63     0.011776    99.630     0.009577    99.670    99.740
  64     0.012515    99.632     0.011479    99.650    99.740
  65     0.011028    99.657     0.010606    99.670    99.740
  66     0.011195    99.662     0.011341    99.680    99.740
  67     0.011485    99.640     0.010470    99.640    99.740
  68     0.011146    99.668     0.010205    99.660    99.740
  69     0.011110    99.660     0.009762    99.700    99.740
  70     0.010645    99.680     0.011816    99.650    99.740
  71     0.009952    99.690     0.009865    99.680    99.740
  72     0.010431    99.663     0.008976    99.700    99.740
  73     0.009963    99.693     0.009762    99.690    99.740
  74     0.009424    99.743     0.010214    99.700    99.740
  75     0.010464    99.698     0.010370    99.640    99.740
  76     0.009540    99.738     0.010781    99.700    99.740
  77     0.009598    99.712     0.009449    99.710    99.740
  78     0.009598    99.713     0.010782    99.720    99.740
  79     0.008720    99.748     0.010760    99.700    99.740
  80     0.008825    99.742     0.010665    99.670    99.740
  81     0.008578    99.747     0.011104    99.700    99.740
  82     0.009196    99.722     0.010582    99.660    99.740
  83     0.008583    99.750     0.010178    99.710    99.740
  84     0.007529    99.763     0.010184    99.640    99.740
  85     0.007223    99.785     0.010187    99.690    99.740
  86     0.007239    99.775     0.011036    99.690    99.740
  87     0.007563    99.770     0.010904    99.690    99.740
  88     0.007196    99.802     0.009965    99.720    99.740
  89     0.007403    99.790     0.010676    99.700    99.740
  90     0.008177    99.743     0.009864    99.710    99.740
  91     0.008060    99.762     0.011394    99.660    99.740
  92     0.006773    99.805     0.011627    99.650    99.740
  93     0.007441    99.768     0.010281    99.690    99.740
  94     0.006282    99.820     0.010185    99.690    99.740
  95     0.006628    99.807     0.011038    99.670    99.740
  96     0.006441    99.830     0.010904    99.650    99.740
  97     0.006959    99.808     0.011022    99.660    99.740
  98     0.006182    99.815     0.009768    99.750    99.750
  99     0.006583    99.803     0.009225    99.660    99.750
 100     0.007169    99.778     0.010885    99.660    99.750
 101     0.006311    99.808     0.011603    99.690    99.750
 102     0.006201    99.820     0.011098    99.640    99.750
 103     0.006181    99.842     0.011259    99.670    99.750
 104     0.006892    99.815     0.010993    99.660    99.750
 105     0.006237    99.820     0.012353    99.650    99.750
 106     0.006076    99.813     0.009685    99.720    99.750
 107     0.005954    99.818     0.010799    99.680    99.750
 108     0.006267    99.827     0.010086    99.680    99.750
 109     0.006291    99.827     0.011641    99.670    99.750
 110     0.006146    99.812     0.009903    99.700    99.750
 111     0.005813    99.820     0.010867    99.710    99.750
 112     0.005567    99.850     0.011261    99.660    99.750
 113     0.005109    99.830     0.010242    99.730    99.750
 114     0.005385    99.843     0.010672    99.700    99.750
 115     0.005460    99.825     0.011151    99.740    99.750
 116     0.005435    99.828     0.011061    99.710    99.750
 117     0.005670    99.827     0.010942    99.750    99.750
 118     0.005238    99.843     0.010993    99.700    99.750
 119     0.005360    99.837     0.009721    99.700    99.750
 120     0.004943    99.868     0.009652    99.710    99.750
 121     0.004878    99.850     0.010970    99.710    99.750
 122     0.005213    99.857     0.011069    99.720    99.750
 123     0.004994    99.857     0.011374    99.680    99.750
 124     0.004098    99.885     0.010501    99.680    99.750
 125     0.004730    99.877     0.010430    99.720    99.750
 126     0.004967    99.845     0.011153    99.710    99.750
 127     0.004572    99.878     0.010181    99.710    99.750
 128     0.004547    99.870     0.010576    99.670    99.750
 129     0.004849    99.863     0.011206    99.680    99.750
 130     0.004998    99.867     0.011393    99.680    99.750
 131     0.004379    99.870     0.012118    99.680    99.750
 132     0.004390    99.862     0.010841    99.680    99.750
 133     0.004699    99.872     0.011340    99.660    99.750
 134     0.004093    99.895     0.011017    99.650    99.750
 135     0.003938    99.897     0.010199    99.660    99.750
 136     0.004888    99.847     0.011393    99.650    99.750
 137     0.004204    99.888     0.011742    99.640    99.750
 138     0.004196    99.882     0.011054    99.680    99.750
 139     0.004604    99.852     0.010924    99.630    99.750
 140     0.003601    99.910     0.011380    99.680    99.750
 141     0.004633    99.852     0.012153    99.660    99.750
 142     0.004327    99.872     0.011111    99.700    99.750
 143     0.003975    99.878     0.011392    99.690    99.750
 144     0.004274    99.885     0.011488    99.690    99.750
 145     0.004050    99.885     0.011133    99.680    99.750
 146     0.003992    99.888     0.010735    99.660    99.750
 147     0.003860    99.902     0.011138    99.680    99.750
 148     0.004403    99.872     0.010976    99.670    99.750
 149     0.004134    99.890     0.010679    99.700    99.750
